<?xml version="1.0" encoding="UTF-8"?>
<testng-results skipped="0" failed="0" ignored="0" total="1" passed="1">
  <reporter-output>
  </reporter-output>
  <suite name="Suite" duration-ms="11323" started-at="2019-06-10T20:06:57Z" finished-at="2019-06-10T20:07:09Z">
    <groups>
    </groups>
    <test name="Test" duration-ms="11323" started-at="2019-06-10T20:06:57Z" finished-at="2019-06-10T20:07:09Z">
      <class name="newTest.newTest">
        <test-method status="PASS" signature="beforeTest()[pri:0, instance:newTest.newTest@79b4d0f]" name="beforeTest" is-config="true" duration-ms="830" started-at="2019-06-10T20:06:57Z" finished-at="2019-06-10T20:06:58Z">
          <reporter-output>
          </reporter-output>
        </test-method> <!-- beforeTest -->
        <test-method status="PASS" signature="f()[pri:0, instance:newTest.newTest@79b4d0f]" name="f" duration-ms="10402" started-at="2019-06-10T20:06:58Z" finished-at="2019-06-10T20:07:09Z">
          <reporter-output>
          </reporter-output>
        </test-method> <!-- f -->
        <test-method status="PASS" signature="afterTest()[pri:0, instance:newTest.newTest@79b4d0f]" name="afterTest" is-config="true" duration-ms="78" started-at="2019-06-10T20:07:09Z" finished-at="2019-06-10T20:07:09Z">
          <reporter-output>
          </reporter-output>
        </test-method> <!-- afterTest -->
      </class> <!-- newTest.newTest -->
    </test> <!-- Test -->
  </suite> <!-- Suite -->
</testng-results>
